<?xml version="1.0" encoding="UTF-8"?>
<testsuite name="EnterpriseTest" tests="1" skipped="0" failures="0" errors="0" timestamp="2022-04-23T00:19:05" hostname="CHUPI_DESKTOP" time="0.013">
  <properties/>
  <testcase name="getEnergy_must_return_current_energy()" classname="EnterpriseTest" time="0.013"/>
  <system-out><![CDATA[]]></system-out>
  <system-err><![CDATA[]]></system-err>
</testsuite>
